<?xml version="1.0" encoding="UTF-8"?>
<!-- Generated by org.testng.reporters.JUnitXMLReporter -->
<testsuite hostname="DESKTOP-S0R30VE" ignored="0" name="Default test" tests="3" failures="0" timestamp="04 mar 2017 01:42:33 GMT" time="18.996" errors="0">
  <testcase name="camposObrigatorios" time="4.418" classname="br.com.gcs.test.CL_DadosProdutoTest"/>
  <testcase name="validarValorMesalidade" time="2.565" classname="br.com.gcs.test.CL_DadosProdutoTest"/>
  <testcase name="avancarProximaAba" time="1.737" classname="br.com.gcs.test.CL_DadosProdutoTest"/>
</testsuite> <!-- Default test -->
