<?xml version="1.0" encoding="UTF-8"?>
<!-- Generated by org.testng.reporters.JUnitXMLReporter -->
<testsuite hostname="DESKTOP-S0R30VE" ignored="2" name="Default test" tests="1" failures="0" timestamp="09 mar 2017 01:05:05 GMT" time="14.281" errors="0">
  <testcase name="camposObrigatorios" time="4.371" classname="br.com.gcs.test.CL_DadosProdutoTest"/>
  <testcase name="validarValorMesalidade" time="0.0" classname="br.com.gcs.test.CL_DadosProdutoTest">
    <ignored/>
  </testcase> <!-- validarValorMesalidade -->
  <testcase name="avancarProximaAba" time="0.0" classname="br.com.gcs.test.CL_DadosProdutoTest">
    <ignored/>
  </testcase> <!-- avancarProximaAba -->
</testsuite> <!-- Default test -->
