<?xml version="1.0" encoding="UTF-8"?>
<!-- Generated by org.testng.reporters.JUnitXMLReporter -->
<testsuite hostname="DESKTOP-S0R30VE" ignored="0" name="Dados do produto" tests="3" failures="0" timestamp="28 fev 2017 03:46:00 GMT" time="28.901" errors="0">
  <testcase name="validarCamposObrigatorios" time="10.215" classname="br.com.gcs.test.CL_DadosProdutoTest"/>
  <testcase name="validarValorMesalidade" time="3.413" classname="br.com.gcs.test.CL_DadosProdutoTest"/>
  <testcase name="avancarSucesso" time="5.37" classname="br.com.gcs.test.CL_DadosProdutoTest"/>
</testsuite> <!-- Dados do produto -->
