<?xml version="1.0" encoding="UTF-8"?>
<!-- Generated by org.testng.reporters.JUnitXMLReporter -->
<testsuite hostname="DESKTOP-S0R30VE" ignored="0" name="Dados do produto" tests="3" failures="0" timestamp="28 fev 2017 22:27:07 GMT" time="19.814" errors="0">
  <testcase name="camposObrigatorios" time="4.68" classname="br.com.gcs.test.CL_DadosProdutoTest"/>
  <testcase name="validarValorMesalidade" time="2.724" classname="br.com.gcs.test.CL_DadosProdutoTest"/>
  <testcase name="avancarProximaAba" time="1.762" classname="br.com.gcs.test.CL_DadosProdutoTest"/>
</testsuite> <!-- Dados do produto -->
