<?xml version="1.0" encoding="UTF-8"?>
<!-- Generated by org.testng.reporters.JUnitXMLReporter -->
<testsuite hostname="DESKTOP-S0R30VE" ignored="1" name="Meus Dados" tests="4" failures="0" timestamp="04 mar 2017 01:55:21 GMT" time="43.019" errors="0">
  <testcase name="cpfInvalido" time="17.658" classname="br.com.gcs.test.CL_MeusDadosTest"/>
  <testcase name="nomeIncompleto" time="4.391" classname="br.com.gcs.test.CL_MeusDadosTest"/>
  <testcase name="dataInvalida" time="3.401" classname="br.com.gcs.test.CL_MeusDadosTest"/>
  <testcase name="validarRenda" time="5.531" classname="br.com.gcs.test.CL_MeusDadosTest"/>
  <testcase name="avancar" time="0.0" classname="br.com.gcs.test.CL_MeusDadosTest">
    <ignored/>
  </testcase> <!-- avancar -->
</testsuite> <!-- Meus Dados -->
