<?xml version="1.0" encoding="UTF-8"?>
<!-- Generated by org.testng.reporters.JUnitXMLReporter -->
<testsuite hostname="DESKTOP-S0R30VE" ignored="1" name="Meus Dados" tests="4" failures="0" timestamp="28 fev 2017 22:27:49 GMT" time="41.938" errors="0">
  <testcase name="cpfInvalido" time="17.26" classname="br.com.gcs.test.CL_MeusDadosTest"/>
  <testcase name="nomeIncompleto" time="4.219" classname="br.com.gcs.test.CL_MeusDadosTest"/>
  <testcase name="dataInvalida" time="3.195" classname="br.com.gcs.test.CL_MeusDadosTest"/>
  <testcase name="validarRenda" time="5.346" classname="br.com.gcs.test.CL_MeusDadosTest"/>
  <testcase name="avancar" time="0.0" classname="br.com.gcs.test.CL_MeusDadosTest">
    <ignored/>
  </testcase> <!-- avancar -->
</testsuite> <!-- Meus Dados -->
