<?xml version="1.0" encoding="UTF-8"?>
<!-- Generated by org.testng.reporters.JUnitXMLReporter -->
<testsuite hostname="DESKTOP-S0R30VE" ignored="1" name="Test" tests="7" failures="1" timestamp="26 fev 2017 20:02:17 GMT" time="90.571" errors="0">
  <testcase name="validarCamposObrigatorios" time="6.723" classname="br.com.gcs.test.CL_DadosProdutoTest"/>
  <testcase name="cpfInvalido" time="21.721" classname="br.com.gcs.test.CL_MeusDadosTest"/>
  <testcase name="validarValorMesalidade" time="4.907" classname="br.com.gcs.test.CL_DadosProdutoTest"/>
  <testcase name="nomeIncompleto" time="4.279" classname="br.com.gcs.test.CL_MeusDadosTest"/>
  <testcase name="avancarSucesso" time="5.103" classname="br.com.gcs.test.CL_DadosProdutoTest"/>
  <testcase name="dataInvalida" time="3.247" classname="br.com.gcs.test.CL_MeusDadosTest">
    <failure type="org.junit.ComparisonFailure" message="expected:&amp;lt;Data Incorreta[X]&amp;gt; but was:&amp;lt;Data Incorreta[]&amp;gt;">
      <![CDATA[org.junit.ComparisonFailure: expected:<Data Incorreta[X]> but was:<Data Incorreta[]>
	at org.junit.Assert.assertEquals(Assert.java:115)
	at org.junit.Assert.assertEquals(Assert.java:144)
	at br.com.gcs.test.CL_MeusDadosTest.dataInvalida(CL_MeusDadosTest.java:74)
	at br.com.gcs.test.TT.main(TT.java:19)
... Removed 22 stack frames]]>
    </failure>
  </testcase> <!-- dataInvalida -->
  <testcase name="validarRenda" time="5.484" classname="br.com.gcs.test.CL_MeusDadosTest"/>
  <testcase name="avancar" time="0.0" classname="br.com.gcs.test.CL_MeusDadosTest">
    <ignored/>
  </testcase> <!-- avancar -->
</testsuite> <!-- Test -->
