<?xml version="1.0" encoding="UTF-8"?>
<!-- Generated by org.testng.reporters.JUnitXMLReporter -->
<testsuite hostname="DESKTOP-S0R30VE" ignored="0" name="Dados do Produto" tests="3" failures="0" timestamp="26 fev 2017 20:10:06 GMT" time="30.529" errors="0">
  <testcase name="validarCamposObrigatorios" time="6.71" classname="br.com.gcs.test.CL_DadosProdutoTest"/>
  <testcase name="validarValorMesalidade" time="5.044" classname="br.com.gcs.test.CL_DadosProdutoTest"/>
  <testcase name="avancarSucesso" time="5.221" classname="br.com.gcs.test.CL_DadosProdutoTest"/>
</testsuite> <!-- Dados do Produto -->
