<?xml version="1.0" encoding="UTF-8"?>
<!-- Generated by org.testng.reporters.JUnitXMLReporter -->
<testsuite hostname="DESKTOP-S0R30VE" ignored="2" name="Dados do Produto" tests="1" failures="1" timestamp="28 fev 2017 19:32:17 GMT" time="10.182" errors="0">
  <testcase name="validarCamposObrigatorios" time="0.242" classname="br.com.gcs.test.CL_DadosProdutoTest">
    <failure type="org.junit.ComparisonFailure" message="expected:&amp;lt;...ne um valor para o t[�]tulo&amp;gt; but was:&amp;lt;...ne um valor para o t[í]tulo&amp;gt;">
      <![CDATA[org.junit.ComparisonFailure: expected:<...ne um valor para o t[�]tulo> but was:<...ne um valor para o t[í]tulo>
	at org.junit.Assert.assertEquals(Assert.java:115)
	at org.junit.Assert.assertEquals(Assert.java:144)
	at br.com.gcs.test.CL_DadosProdutoTest.validarCamposObrigatorios(CL_DadosProdutoTest.java:59)
	at br.com.gcs.test.Suite.main(Suite.java:19)
... Removed 22 stack frames]]>
    </failure>
  </testcase> <!-- validarCamposObrigatorios -->
  <testcase name="validarValorMesalidade" time="0.0" classname="br.com.gcs.test.CL_DadosProdutoTest">
    <ignored/>
  </testcase> <!-- validarValorMesalidade -->
  <testcase name="avancarProximaAba" time="0.0" classname="br.com.gcs.test.CL_DadosProdutoTest">
    <ignored/>
  </testcase> <!-- avancarProximaAba -->
</testsuite> <!-- Dados do Produto -->
