<?xml version="1.0" encoding="UTF-8"?>
<testng-results skipped="0" failed="1" ignored="2" total="3" passed="0">
  <reporter-output>
  </reporter-output>
  <suite name="Default suite" duration-ms="12046" started-at="2017-02-28T04:35:30Z" finished-at="2017-02-28T04:35:42Z">
    <groups>
    </groups>
    <test name="Default test" duration-ms="12046" started-at="2017-02-28T04:35:30Z" finished-at="2017-02-28T04:35:42Z">
      <class name="br.com.gcs.test.CL_DadosProdutoTest">
        <test-method status="PASS" signature="preCondicao()[pri:0, instance:br.com.gcs.test.CL_DadosProdutoTest@4883b407]" name="preCondicao" is-config="true" duration-ms="7547" started-at="2017-02-28T01:35:30Z" finished-at="2017-02-28T01:35:38Z">
          <reporter-output>
          </reporter-output>
        </test-method> <!-- preCondicao -->
        <test-method status="FAIL" signature="validarValorMesalidade()[pri:2, instance:br.com.gcs.test.CL_DadosProdutoTest@4883b407]" name="validarValorMesalidade" duration-ms="1429" started-at="2017-02-28T01:35:38Z" finished-at="2017-02-28T01:35:39Z">
          <exception class="org.junit.ComparisonFailure">
            <message>
              <![CDATA[expected:<R$ [3]0,00> but was:<R$ [9]0,00>]]>
            </message>
            <full-stacktrace>
              <![CDATA[org.junit.ComparisonFailure: expected:<R$ [3]0,00> but was:<R$ [9]0,00>
	at org.junit.Assert.assertEquals(Assert.java:115)
	at org.junit.Assert.assertEquals(Assert.java:144)
	at br.com.gcs.test.CL_DadosProdutoTest.validarValorMesalidade(CL_DadosProdutoTest.java:58)
	at sun.reflect.NativeMethodAccessorImpl.invoke0(Native Method)
	at sun.reflect.NativeMethodAccessorImpl.invoke(NativeMethodAccessorImpl.java:62)
	at sun.reflect.DelegatingMethodAccessorImpl.invoke(DelegatingMethodAccessorImpl.java:43)
	at java.lang.reflect.Method.invoke(Method.java:498)
	at org.testng.internal.MethodInvocationHelper.invokeMethod(MethodInvocationHelper.java:104)
	at org.testng.internal.Invoker.invokeMethod(Invoker.java:645)
	at org.testng.internal.Invoker.invokeTestMethod(Invoker.java:851)
	at org.testng.internal.Invoker.invokeTestMethods(Invoker.java:1177)
	at org.testng.internal.TestMethodWorker.invokeTestMethods(TestMethodWorker.java:129)
	at org.testng.internal.TestMethodWorker.run(TestMethodWorker.java:112)
	at org.testng.TestRunner.privateRun(TestRunner.java:756)
	at org.testng.TestRunner.run(TestRunner.java:610)
	at org.testng.SuiteRunner.runTest(SuiteRunner.java:387)
	at org.testng.SuiteRunner.runSequentially(SuiteRunner.java:382)
	at org.testng.SuiteRunner.privateRun(SuiteRunner.java:340)
	at org.testng.SuiteRunner.run(SuiteRunner.java:289)
	at org.testng.SuiteRunnerWorker.runSuite(SuiteRunnerWorker.java:52)
	at org.testng.SuiteRunnerWorker.run(SuiteRunnerWorker.java:86)
	at org.testng.TestNG.runSuitesSequentially(TestNG.java:1293)
	at org.testng.TestNG.runSuitesLocally(TestNG.java:1218)
	at org.testng.TestNG.runSuites(TestNG.java:1133)
	at org.testng.TestNG.run(TestNG.java:1104)
	at org.testng.remote.AbstractRemoteTestNG.run(AbstractRemoteTestNG.java:132)
	at org.testng.remote.RemoteTestNG.initAndRun(RemoteTestNG.java:236)
	at org.testng.remote.RemoteTestNG.main(RemoteTestNG.java:81)
]]>
            </full-stacktrace>
          </exception> <!-- org.junit.ComparisonFailure -->
          <reporter-output>
          </reporter-output>
        </test-method> <!-- validarValorMesalidade -->
        <test-method status="PASS" signature="posCondicao(org.testng.ITestResult)[pri:0, instance:br.com.gcs.test.CL_DadosProdutoTest@4883b407]" name="posCondicao" is-config="true" duration-ms="185" started-at="2017-02-28T01:35:39Z" finished-at="2017-02-28T01:35:39Z">
          <params>
            <param index="0">
              <value>
                <![CDATA[[TestResult name=validarValorMesalidade status=FAILURE method=CL_DadosProdutoTest.validarValorMesalidade()[pri:2, instance:br.com.gcs.test.CL_DadosProdutoTest@4883b407] output={null}]]]>
              </value>
            </param>
          </params>
          <reporter-output>
          </reporter-output>
        </test-method> <!-- posCondicao -->
        <test-method status="PASS" signature="fim()[pri:0, instance:br.com.gcs.test.CL_DadosProdutoTest@4883b407]" name="fim" is-config="true" duration-ms="2871" started-at="2017-02-28T01:35:39Z" finished-at="2017-02-28T01:35:42Z">
          <reporter-output>
          </reporter-output>
        </test-method> <!-- fim -->
      </class> <!-- br.com.gcs.test.CL_DadosProdutoTest -->
    </test> <!-- Default test -->
  </suite> <!-- Default suite -->
</testng-results>
